Planets Before Add: -1	-1	-1
Planets After Add: 10	-1	-1
Add Planet 1 ID = 10

Neighbors Before Add: -1	-1	-1
Neighbors After Add: 0	-1	-1
Add Neighbor 1 ID = 0

Neighbors Before Add: 0	-1	-1
Neighbors After Add: 0	11	-1
Add Neighbor 2 ID = 11

Neighbors Before Remove: 0	11	-1
Neighbors After Remove: 0	-1	-1
Remove Neighbor 1 ID = 11

Planets Before Add: 10	-1	-1
Planets After Add: 10	13	-1
Add Planet 2 ID = 13

Planets Before Add: 10	13	-1
Planets After Add: 10	13	5
Add Planet 3 ID = 5

Planets Before Remove: 10	13	5
Planets After Remove: 10	-1	5
Remove Planet 2 ID = 13

Planets Before Add: 10	-1	5
Planets After Add: 10	18	5
Add Planet 3 ID = 18

